# JRE version: Java(TM) SE Runtime Environment (8.0_92-b14) (build 1.8.0_92-b14)
# Java VM: Java HotSpot(TM) 64-Bit Server VM (25.92-b14 mixed mode windows-amd64 compressed oops)
Heap:
 PSYoungGen      total 304128K, used 17694K [0x00000000d5a00000, 0x00000000e9900000, 0x0000000100000000)
  eden space 294400K, 6% used [0x00000000d5a00000,0x00000000d6b47930,0x00000000e7980000)
  from space 9728K, 0% used [0x00000000e8800000,0x00000000e8800000,0x00000000e9180000)
  to   space 14848K, 0% used [0x00000000e7980000,0x00000000e7980000,0x00000000e8800000)
 ParOldGen       total 99840K, used 25908K [0x0000000080e00000, 0x0000000086f80000, 0x00000000d5a00000)
  object space 99840K, 25% used [0x0000000080e00000,0x000000008274d2d8,0x0000000086f80000)
 Metaspace       used 37333K, capacity 37884K, committed 38232K, reserved 1083392K
  class space    used 4499K, capacity 4610K, committed 4736K, reserved 1048576K
GC Heap History (10 events):
Event: 3.052 GC heap before
{Heap before GC invocations=8 (full 1):
 PSYoungGen      total 142336K, used 133120K [0x00000000d5a00000, 0x00000000def00000, 0x0000000100000000)
  eden space 133120K, 100% used [0x00000000d5a00000,0x00000000ddc00000,0x00000000ddc00000)
  from space 9216K, 0% used [0x00000000de600000,0x00000000de600000,0x00000000def00000)
  to   space 9728K, 0% used [0x00000000ddc00000,0x00000000ddc00000,0x00000000de580000)
 ParOldGen       total 56832K, used 7913K [0x0000000080e00000, 0x0000000084580000, 0x00000000d5a00000)
  object space 56832K, 13% used [0x0000000080e00000,0x00000000815ba4d0,0x0000000084580000)
 Metaspace       used 24321K, capacity 24618K, committed 24960K, reserved 1071104K
  class space    used 3066K, capacity 3109K, committed 3200K, reserved 1048576K
Event: 3.057 GC heap after
Heap after GC invocations=8 (full 1):
 PSYoungGen      total 142848K, used 4448K [0x00000000d5a00000, 0x00000000e4280000, 0x0000000100000000)
  eden space 133120K, 0% used [0x00000000d5a00000,0x00000000d5a00000,0x00000000ddc00000)
  from space 9728K, 45% used [0x00000000ddc00000,0x00000000de058208,0x00000000de580000)
  to   space 9728K, 0% used [0x00000000e3900000,0x00000000e3900000,0x00000000e4280000)
 ParOldGen       total 56832K, used 7921K [0x0000000080e00000, 0x0000000084580000, 0x00000000d5a00000)
  object space 56832K, 13% used [0x0000000080e00000,0x00000000815bc4d0,0x0000000084580000)
 Metaspace       used 24321K, capacity 24618K, committed 24960K, reserved 1071104K
  class space    used 3066K, capacity 3109K, committed 3200K, reserved 1048576K
}
Event: 3.480 GC heap before
{Heap before GC invocations=9 (full 1):
 PSYoungGen      total 142848K, used 137568K [0x00000000d5a00000, 0x00000000e4280000, 0x0000000100000000)
  eden space 133120K, 100% used [0x00000000d5a00000,0x00000000ddc00000,0x00000000ddc00000)
  from space 9728K, 45% used [0x00000000ddc00000,0x00000000de058208,0x00000000de580000)
  to   space 9728K, 0% used [0x00000000e3900000,0x00000000e3900000,0x00000000e4280000)
 ParOldGen       total 56832K, used 7921K [0x0000000080e00000, 0x0000000084580000, 0x00000000d5a00000)
  object space 56832K, 13% used [0x0000000080e00000,0x00000000815bc4d0,0x0000000084580000)
 Metaspace       used 24963K, capacity 25250K, committed 25472K, reserved 1071104K
  class space    used 3092K, capacity 3145K, committed 3200K, reserved 1048576K
Event: 3.486 GC heap after
Heap after GC invocations=9 (full 1):
 PSYoungGen      total 221184K, used 4976K [0x00000000d5a00000, 0x00000000e3f00000, 0x0000000100000000)
  eden space 215040K, 0% used [0x00000000d5a00000,0x00000000d5a00000,0x00000000e2c00000)
  from space 6144K, 80% used [0x00000000e3900000,0x00000000e3ddc250,0x00000000e3f00000)
  to   space 9728K, 0% used [0x00000000e2c00000,0x00000000e2c00000,0x00000000e3580000)
 ParOldGen       total 56832K, used 7929K [0x0000000080e00000, 0x0000000084580000, 0x00000000d5a00000)
  object space 56832K, 13% used [0x0000000080e00000,0x00000000815be4d0,0x0000000084580000)
 Metaspace       used 24963K, capacity 25250K, committed 25472K, reserved 1071104K
  class space    used 3092K, capacity 3145K, committed 3200K, reserved 1048576K
}
Event: 4.074 GC heap before
{Heap before GC invocations=10 (full 1):
 PSYoungGen      total 221184K, used 220016K [0x00000000d5a00000, 0x00000000e3f00000, 0x0000000100000000)
  eden space 215040K, 100% used [0x00000000d5a00000,0x00000000e2c00000,0x00000000e2c00000)
  from space 6144K, 80% used [0x00000000e3900000,0x00000000e3ddc250,0x00000000e3f00000)
  to   space 9728K, 0% used [0x00000000e2c00000,0x00000000e2c00000,0x00000000e3580000)
 ParOldGen       total 56832K, used 7929K [0x0000000080e00000, 0x0000000084580000, 0x00000000d5a00000)
  object space 56832K, 13% used [0x0000000080e00000,0x00000000815be4d0,0x0000000084580000)
 Metaspace       used 25747K, capacity 26212K, committed 26624K, reserved 1073152K
  class space    used 3139K, capacity 3204K, committed 3328K, reserved 1048576K
Event: 4.098 GC heap after
Heap after GC invocations=10 (full 1):
 PSYoungGen      total 224768K, used 7744K [0x00000000d5a00000, 0x00000000e9180000, 0x0000000100000000)
  eden space 215040K, 0% used [0x00000000d5a00000,0x00000000d5a00000,0x00000000e2c00000)
  from space 9728K, 79% used [0x00000000e2c00000,0x00000000e3390030,0x00000000e3580000)
  to   space 9728K, 0% used [0x00000000e8800000,0x00000000e8800000,0x00000000e9180000)
 ParOldGen       total 56832K, used 7937K [0x0000000080e00000, 0x0000000084580000, 0x00000000d5a00000)
  object space 56832K, 13% used [0x0000000080e00000,0x00000000815c04d0,0x0000000084580000)
 Metaspace       used 25747K, capacity 26212K, committed 26624K, reserved 1073152K
  class space    used 3139K, capacity 3204K, committed 3328K, reserved 1048576K
}
Event: 5.436 GC heap before
{Heap before GC invocations=11 (full 1):
 PSYoungGen      total 224768K, used 175222K [0x00000000d5a00000, 0x00000000e9180000, 0x0000000100000000)
  eden space 215040K, 77% used [0x00000000d5a00000,0x00000000dfd8da08,0x00000000e2c00000)
  from space 9728K, 79% used [0x00000000e2c00000,0x00000000e3390030,0x00000000e3580000)
  to   space 9728K, 0% used [0x00000000e8800000,0x00000000e8800000,0x00000000e9180000)
 ParOldGen       total 56832K, used 7937K [0x0000000080e00000, 0x0000000084580000, 0x00000000d5a00000)
  object space 56832K, 13% used [0x0000000080e00000,0x00000000815c04d0,0x0000000084580000)
 Metaspace       used 34630K, capacity 35100K, committed 35416K, reserved 1081344K
  class space    used 4265K, capacity 4386K, committed 4480K, reserved 1048576K
Event: 5.461 GC heap after
Heap after GC invocations=11 (full 1):
 PSYoungGen      total 304128K, used 9714K [0x00000000d5a00000, 0x00000000e9900000, 0x0000000100000000)
  eden space 294400K, 0% used [0x00000000d5a00000,0x00000000d5a00000,0x00000000e7980000)
  from space 9728K, 99% used [0x00000000e8800000,0x00000000e917c9f0,0x00000000e9180000)
  to   space 14848K, 0% used [0x00000000e7980000,0x00000000e7980000,0x00000000e8800000)
 ParOldGen       total 56832K, used 18696K [0x0000000080e00000, 0x0000000084580000, 0x00000000d5a00000)
  object space 56832K, 32% used [0x0000000080e00000,0x00000000820421f0,0x0000000084580000)
 Metaspace       used 34630K, capacity 35100K, committed 35416K, reserved 1081344K
  class space    used 4265K, capacity 4386K, committed 4480K, reserved 1048576K
}
Event: 5.461 GC heap before
{Heap before GC invocations=12 (full 2):
 PSYoungGen      total 304128K, used 9714K [0x00000000d5a00000, 0x00000000e9900000, 0x0000000100000000)
  eden space 294400K, 0% used [0x00000000d5a00000,0x00000000d5a00000,0x00000000e7980000)
  from space 9728K, 99% used [0x00000000e8800000,0x00000000e917c9f0,0x00000000e9180000)
  to   space 14848K, 0% used [0x00000000e7980000,0x00000000e7980000,0x00000000e8800000)
 ParOldGen       total 56832K, used 18696K [0x0000000080e00000, 0x0000000084580000, 0x00000000d5a00000)
  object space 56832K, 32% used [0x0000000080e00000,0x00000000820421f0,0x0000000084580000)
 Metaspace       used 34630K, capacity 35100K, committed 35416K, reserved 1081344K
  class space    used 4265K, capacity 4386K, committed 4480K, reserved 1048576K
Event: 5.578 GC heap after
Heap after GC invocations=12 (full 2):
 PSYoungGen      total 304128K, used 0K [0x00000000d5a00000, 0x00000000e9900000, 0x0000000100000000)
  eden space 294400K, 0% used [0x00000000d5a00000,0x00000000d5a00000,0x00000000e7980000)
  from space 9728K, 0% used [0x00000000e8800000,0x00000000e8800000,0x00000000e9180000)
  to   space 14848K, 0% used [0x00000000e7980000,0x00000000e7980000,0x00000000e8800000)
 ParOldGen       total 99840K, used 25908K [0x0000000080e00000, 0x0000000086f80000, 0x00000000d5a00000)
  object space 99840K, 25% used [0x0000000080e00000,0x000000008274d2d8,0x0000000086f80000)
 Metaspace       used 34630K, capacity 35100K, committed 35416K, reserved 1081344K
  class space    used 4265K, capacity 4386K, committed 4480K, reserved 1048576K
}

